Logfile initialized
[INFO] logfile = D:\Workspaces\Titanium\txde\build.log
[DEBUG] D:\Program File\Titanium\mobilesdk\win32\3.1.2.GA\android\builder.py install TXDE D:\Program File\Android-SDK\sdk D:\Workspaces\Titanium\txde com.netsky.txde 5
[INFO] Titanium SDK version: 3.1.2 (08/14/13 12:45 5ceaff8)
[DEBUG] Waiting for device to be ready ...
[TRACE] adb devices returned 1 devices/emulators
[DEBUG] Device connected... (waited 0 seconds)
[DEBUG] waited 0.418000 seconds on emulator to get ready
[DEBUG] com.netsky.txde installed? False
[INFO] Copying CommonJS modules...
[INFO] Copying project resources..
[INFO] Detected change in tiapp.xml, or assets deleted. Forcing full re-build...
[TRACE] COPYING CREATED FILE: D:\Workspaces\Titanium\txde\Resources\android\appicon.png => D:\Workspaces\Titanium\txde\build\android\bin\assets\Resources\appicon.png
[TRACE] COPYING CREATED FILE: D:\Workspaces\Titanium\txde\Resources\android\default.png => D:\Workspaces\Titanium\txde\build\android\bin\assets\Resources\default.png
[TRACE] COPYING CREATED FILE: D:\Workspaces\Titanium\txde\Resources\app.js => D:\Workspaces\Titanium\txde\build\android\bin\assets\Resources\app.js
[TRACE] COPYING CREATED FILE: D:\Workspaces\Titanium\txde\Resources\html\about.html => D:\Workspaces\Titanium\txde\build\android\bin\assets\Resources\html\about.html
[TRACE] COPYING CREATED FILE: D:\Workspaces\Titanium\txde\Resources\images\barBackground.png => D:\Workspaces\Titanium\txde\build\android\bin\assets\Resources\images\barBackground.png
[TRACE] COPYING CREATED FILE: D:\Workspaces\Titanium\txde\Resources\images\ByBook.png => D:\Workspaces\Titanium\txde\build\android\bin\assets\Resources\images\ByBook.png
[TRACE] COPYING CREATED FILE: D:\Workspaces\Titanium\txde\Resources\images\De.png => D:\Workspaces\Titanium\txde\build\android\bin\assets\Resources\images\De.png
[TRACE] COPYING CREATED FILE: D:\Workspaces\Titanium\txde\Resources\images\hdpi\arrow_left.png => D:\Workspaces\Titanium\txde\build\android\bin\assets\Resources\images\hdpi\arrow_left.png
[TRACE] COPYING CREATED FILE: D:\Workspaces\Titanium\txde\Resources\images\hdpi\de.png => D:\Workspaces\Titanium\txde\build\android\bin\assets\Resources\images\hdpi\de.png
[TRACE] COPYING CREATED FILE: D:\Workspaces\Titanium\txde\Resources\images\hdpi\exit.png => D:\Workspaces\Titanium\txde\build\android\bin\assets\Resources\images\hdpi\exit.png
[TRACE] COPYING CREATED FILE: D:\Workspaces\Titanium\txde\Resources\images\hdpi\headLogo.png => D:\Workspaces\Titanium\txde\build\android\bin\assets\Resources\images\hdpi\headLogo.png
[TRACE] COPYING CREATED FILE: D:\Workspaces\Titanium\txde\Resources\images\hdpi\jx.png => D:\Workspaces\Titanium\txde\build\android\bin\assets\Resources\images\hdpi\jx.png
[TRACE] COPYING CREATED FILE: D:\Workspaces\Titanium\txde\Resources\images\hdpi\reset.png => D:\Workspaces\Titanium\txde\build\android\bin\assets\Resources\images\hdpi\reset.png
[TRACE] COPYING CREATED FILE: D:\Workspaces\Titanium\txde\Resources\images\hdpi\searchBackground.png => D:\Workspaces\Titanium\txde\build\android\bin\assets\Resources\images\hdpi\searchBackground.png
[TRACE] COPYING CREATED FILE: D:\Workspaces\Titanium\txde\Resources\images\hdpi\searchTextBackground.png => D:\Workspaces\Titanium\txde\build\android\bin\assets\Resources\images\hdpi\searchTextBackground.png
[TRACE] COPYING CREATED FILE: D:\Workspaces\Titanium\txde\Resources\images\hdpi\yb.png => D:\Workspaces\Titanium\txde\build\android\bin\assets\Resources\images\hdpi\yb.png
[TRACE] COPYING CREATED FILE: D:\Workspaces\Titanium\txde\Resources\images\hdpi\zc.png => D:\Workspaces\Titanium\txde\build\android\bin\assets\Resources\images\hdpi\zc.png
[TRACE] COPYING CREATED FILE: D:\Workspaces\Titanium\txde\Resources\images\LeftArrow.png => D:\Workspaces\Titanium\txde\build\android\bin\assets\Resources\images\LeftArrow.png
[TRACE] COPYING CREATED FILE: D:\Workspaces\Titanium\txde\Resources\images\Machine.png => D:\Workspaces\Titanium\txde\build\android\bin\assets\Resources\images\Machine.png
[TRACE] COPYING CREATED FILE: D:\Workspaces\Titanium\txde\Resources\images\main-btn_01.png => D:\Workspaces\Titanium\txde\build\android\bin\assets\Resources\images\main-btn_01.png
[TRACE] COPYING CREATED FILE: D:\Workspaces\Titanium\txde\Resources\images\main-btn_02.png => D:\Workspaces\Titanium\txde\build\android\bin\assets\Resources\images\main-btn_02.png
[TRACE] COPYING CREATED FILE: D:\Workspaces\Titanium\txde\Resources\images\main.png => D:\Workspaces\Titanium\txde\build\android\bin\assets\Resources\images\main.png
[TRACE] COPYING CREATED FILE: D:\Workspaces\Titanium\txde\Resources\images\mainMenuItemBack.png => D:\Workspaces\Titanium\txde\build\android\bin\assets\Resources\images\mainMenuItemBack.png
[TRACE] COPYING CREATED FILE: D:\Workspaces\Titanium\txde\Resources\images\Material.png => D:\Workspaces\Titanium\txde\build\android\bin\assets\Resources\images\Material.png
[TRACE] COPYING CREATED FILE: D:\Workspaces\Titanium\txde\Resources\images\mdpi\de.png => D:\Workspaces\Titanium\txde\build\android\bin\assets\Resources\images\mdpi\de.png
[TRACE] COPYING CREATED FILE: D:\Workspaces\Titanium\txde\Resources\images\mdpi\exit.png => D:\Workspaces\Titanium\txde\build\android\bin\assets\Resources\images\mdpi\exit.png
[TRACE] COPYING CREATED FILE: D:\Workspaces\Titanium\txde\Resources\images\mdpi\headLogo.png => D:\Workspaces\Titanium\txde\build\android\bin\assets\Resources\images\mdpi\headLogo.png
[TRACE] COPYING CREATED FILE: D:\Workspaces\Titanium\txde\Resources\images\mdpi\jx.png => D:\Workspaces\Titanium\txde\build\android\bin\assets\Resources\images\mdpi\jx.png
[TRACE] COPYING CREATED FILE: D:\Workspaces\Titanium\txde\Resources\images\mdpi\main_pre1.png => D:\Workspaces\Titanium\txde\build\android\bin\assets\Resources\images\mdpi\main_pre1.png
[TRACE] COPYING CREATED FILE: D:\Workspaces\Titanium\txde\Resources\images\mdpi\main_pre2.png => D:\Workspaces\Titanium\txde\build\android\bin\assets\Resources\images\mdpi\main_pre2.png
[TRACE] COPYING CREATED FILE: D:\Workspaces\Titanium\txde\Resources\images\mdpi\main_pre3.png => D:\Workspaces\Titanium\txde\build\android\bin\assets\Resources\images\mdpi\main_pre3.png
[TRACE] COPYING CREATED FILE: D:\Workspaces\Titanium\txde\Resources\images\mdpi\main_pre4.png => D:\Workspaces\Titanium\txde\build\android\bin\assets\Resources\images\mdpi\main_pre4.png
[TRACE] COPYING CREATED FILE: D:\Workspaces\Titanium\txde\Resources\images\mdpi\p0.png => D:\Workspaces\Titanium\txde\build\android\bin\assets\Resources\images\mdpi\p0.png
[TRACE] COPYING CREATED FILE: D:\Workspaces\Titanium\txde\Resources\images\mdpi\p1.png => D:\Workspaces\Titanium\txde\build\android\bin\assets\Resources\images\mdpi\p1.png
[TRACE] COPYING CREATED FILE: D:\Workspaces\Titanium\txde\Resources\images\mdpi\p2.png => D:\Workspaces\Titanium\txde\build\android\bin\assets\Resources\images\mdpi\p2.png
[TRACE] COPYING CREATED FILE: D:\Workspaces\Titanium\txde\Resources\images\mdpi\p3.png => D:\Workspaces\Titanium\txde\build\android\bin\assets\Resources\images\mdpi\p3.png
[TRACE] COPYING CREATED FILE: D:\Workspaces\Titanium\txde\Resources\images\mdpi\yb.png => D:\Workspaces\Titanium\txde\build\android\bin\assets\Resources\images\mdpi\yb.png
[TRACE] COPYING CREATED FILE: D:\Workspaces\Titanium\txde\Resources\images\mdpi\zc.png => D:\Workspaces\Titanium\txde\build\android\bin\assets\Resources\images\mdpi\zc.png
[TRACE] COPYING CREATED FILE: D:\Workspaces\Titanium\txde\Resources\images\Meter.png => D:\Workspaces\Titanium\txde\build\android\bin\assets\Resources\images\Meter.png
[TRACE] COPYING CREATED FILE: D:\Workspaces\Titanium\txde\Resources\images\return-btn_01.png => D:\Workspaces\Titanium\txde\build\android\bin\assets\Resources\images\return-btn_01.png
[TRACE] COPYING CREATED FILE: D:\Workspaces\Titanium\txde\Resources\images\return-btn_02.png => D:\Workspaces\Titanium\txde\build\android\bin\assets\Resources\images\return-btn_02.png
[TRACE] COPYING CREATED FILE: D:\Workspaces\Titanium\txde\Resources\images\right.png => D:\Workspaces\Titanium\txde\build\android\bin\assets\Resources\images\right.png
[TRACE] COPYING CREATED FILE: D:\Workspaces\Titanium\txde\Resources\images\RightArrow.png => D:\Workspaces\Titanium\txde\build\android\bin\assets\Resources\images\RightArrow.png
[TRACE] COPYING CREATED FILE: D:\Workspaces\Titanium\txde\Resources\images\Search.png => D:\Workspaces\Titanium\txde\build\android\bin\assets\Resources\images\Search.png
[TRACE] COPYING CREATED FILE: D:\Workspaces\Titanium\txde\Resources\images\searchBackground_01.png => D:\Workspaces\Titanium\txde\build\android\bin\assets\Resources\images\searchBackground_01.png
[TRACE] COPYING CREATED FILE: D:\Workspaces\Titanium\txde\Resources\images\searchBackground_01_1.png => D:\Workspaces\Titanium\txde\build\android\bin\assets\Resources\images\searchBackground_01_1.png
[TRACE] COPYING CREATED FILE: D:\Workspaces\Titanium\txde\Resources\images\searchByBook.png => D:\Workspaces\Titanium\txde\build\android\bin\assets\Resources\images\searchByBook.png
[TRACE] COPYING CREATED FILE: D:\Workspaces\Titanium\txde\Resources\images\searchByNumber.png => D:\Workspaces\Titanium\txde\build\android\bin\assets\Resources\images\searchByNumber.png
[TRACE] COPYING CREATED FILE: D:\Workspaces\Titanium\txde\Resources\images\searchTextBackground_03.png => D:\Workspaces\Titanium\txde\build\android\bin\assets\Resources\images\searchTextBackground_03.png
[TRACE] COPYING CREATED FILE: D:\Workspaces\Titanium\txde\Resources\images\searchTextBackground_04.png => D:\Workspaces\Titanium\txde\build\android\bin\assets\Resources\images\searchTextBackground_04.png
[TRACE] COPYING CREATED FILE: D:\Workspaces\Titanium\txde\Resources\images\searchTextBackground_05.png => D:\Workspaces\Titanium\txde\build\android\bin\assets\Resources\images\searchTextBackground_05.png
[TRACE] COPYING CREATED FILE: D:\Workspaces\Titanium\txde\Resources\images\searchTextBackground_06.png => D:\Workspaces\Titanium\txde\build\android\bin\assets\Resources\images\searchTextBackground_06.png
[TRACE] COPYING CREATED FILE: D:\Workspaces\Titanium\txde\Resources\images\tableTitleBackground.png => D:\Workspaces\Titanium\txde\build\android\bin\assets\Resources\images\tableTitleBackground.png
[TRACE] COPYING CREATED FILE: D:\Workspaces\Titanium\txde\Resources\service\user.js => D:\Workspaces\Titanium\txde\build\android\bin\assets\Resources\service\user.js
[TRACE] COPYING CREATED FILE: D:\Workspaces\Titanium\txde\Resources\TXDE.sqlite => D:\Workspaces\Titanium\txde\build\android\bin\assets\Resources\TXDE.sqlite
[TRACE] COPYING CREATED FILE: D:\Workspaces\Titanium\txde\Resources\ui\basic\BasicMenuItem.js => D:\Workspaces\Titanium\txde\build\android\bin\assets\Resources\ui\basic\BasicMenuItem.js
[TRACE] COPYING CREATED FILE: D:\Workspaces\Titanium\txde\Resources\ui\basic\BasicTableList.js => D:\Workspaces\Titanium\txde\build\android\bin\assets\Resources\ui\basic\BasicTableList.js
[TRACE] COPYING CREATED FILE: D:\Workspaces\Titanium\txde\Resources\ui\basic\UI.js => D:\Workspaces\Titanium\txde\build\android\bin\assets\Resources\ui\basic\UI.js
[TRACE] COPYING CREATED FILE: D:\Workspaces\Titanium\txde\Resources\ui\main.js => D:\Workspaces\Titanium\txde\build\android\bin\assets\Resources\ui\main.js
[TRACE] COPYING CREATED FILE: D:\Workspaces\Titanium\txde\Resources\ui\MainView.js => D:\Workspaces\Titanium\txde\build\android\bin\assets\Resources\ui\MainView.js
[TRACE] COPYING CREATED FILE: D:\Workspaces\Titanium\txde\Resources\ui\window\decx\deDetailTabGroup.js => D:\Workspaces\Titanium\txde\build\android\bin\assets\Resources\ui\window\decx\deDetailTabGroup.js
[TRACE] COPYING CREATED FILE: D:\Workspaces\Titanium\txde\Resources\ui\window\decx\deQueryByBook.js => D:\Workspaces\Titanium\txde\build\android\bin\assets\Resources\ui\window\decx\deQueryByBook.js
[TRACE] COPYING CREATED FILE: D:\Workspaces\Titanium\txde\Resources\ui\window\decx\deResult.js => D:\Workspaces\Titanium\txde\build\android\bin\assets\Resources\ui\window\decx\deResult.js
[TRACE] COPYING CREATED FILE: D:\Workspaces\Titanium\txde\Resources\ui\window\decx\DeSearch.js => D:\Workspaces\Titanium\txde\build\android\bin\assets\Resources\ui\window\decx\DeSearch.js
[TRACE] COPYING CREATED FILE: D:\Workspaces\Titanium\txde\Resources\ui\window\Detail.js => D:\Workspaces\Titanium\txde\build\android\bin\assets\Resources\ui\window\Detail.js
[TRACE] COPYING CREATED FILE: D:\Workspaces\Titanium\txde\Resources\ui\window\DE_Detail.js => D:\Workspaces\Titanium\txde\build\android\bin\assets\Resources\ui\window\DE_Detail.js
[TRACE] COPYING CREATED FILE: D:\Workspaces\Titanium\txde\Resources\ui\window\DE_ListWindow.js => D:\Workspaces\Titanium\txde\build\android\bin\assets\Resources\ui\window\DE_ListWindow.js
[TRACE] COPYING CREATED FILE: D:\Workspaces\Titanium\txde\Resources\ui\window\ListWindow.js => D:\Workspaces\Titanium\txde\build\android\bin\assets\Resources\ui\window\ListWindow.js
[TRACE] COPYING CREATED FILE: D:\Workspaces\Titanium\txde\Resources\ui\window\TabListWindow.js => D:\Workspaces\Titanium\txde\build\android\bin\assets\Resources\ui\window\TabListWindow.js
[DEBUG] LiveView not enabled
[TRACE] Generating Java Classes
[DEBUG] Processing Android resource drawables
[DEBUG] app stylesheet => D:\Workspaces\Titanium\txde\build\android\gen\com\netsky\txde\ApplicationStylesheet.java
[DEBUG] copying app icon: D:\Workspaces\Titanium\txde\build\android\bin\assets\Resources\appicon.png
[DEBUG] generating theme.xml
[DEBUG] found drawable-long-land-hdpi splash screen at D:\Workspaces\Titanium\txde\Resources\android\images\res-long-land-hdpi\default.png
[DEBUG] copying D:\Workspaces\Titanium\txde\Resources\android\images\res-long-land-hdpi\default.png splash screen to D:\Workspaces\Titanium\txde\build\android\res\drawable-long-land-hdpi\background.png
[DEBUG] found drawable-long-land-ldpi splash screen at D:\Workspaces\Titanium\txde\Resources\android\images\res-long-land-ldpi\default.png
[DEBUG] copying D:\Workspaces\Titanium\txde\Resources\android\images\res-long-land-ldpi\default.png splash screen to D:\Workspaces\Titanium\txde\build\android\res\drawable-long-land-ldpi\background.png
[DEBUG] found drawable-long-port-hdpi splash screen at D:\Workspaces\Titanium\txde\Resources\android\images\res-long-port-hdpi\default.png
[DEBUG] copying D:\Workspaces\Titanium\txde\Resources\android\images\res-long-port-hdpi\default.png splash screen to D:\Workspaces\Titanium\txde\build\android\res\drawable-long-port-hdpi\background.png
[DEBUG] found drawable-long-port-ldpi splash screen at D:\Workspaces\Titanium\txde\Resources\android\images\res-long-port-ldpi\default.png
[DEBUG] copying D:\Workspaces\Titanium\txde\Resources\android\images\res-long-port-ldpi\default.png splash screen to D:\Workspaces\Titanium\txde\build\android\res\drawable-long-port-ldpi\background.png
[DEBUG] found drawable-notlong-land-hdpi splash screen at D:\Workspaces\Titanium\txde\Resources\android\images\res-notlong-land-hdpi\default.png
[DEBUG] copying D:\Workspaces\Titanium\txde\Resources\android\images\res-notlong-land-hdpi\default.png splash screen to D:\Workspaces\Titanium\txde\build\android\res\drawable-notlong-land-hdpi\background.png
[DEBUG] found drawable-notlong-land-ldpi splash screen at D:\Workspaces\Titanium\txde\Resources\android\images\res-notlong-land-ldpi\default.png
[DEBUG] copying D:\Workspaces\Titanium\txde\Resources\android\images\res-notlong-land-ldpi\default.png splash screen to D:\Workspaces\Titanium\txde\build\android\res\drawable-notlong-land-ldpi\background.png
[DEBUG] found drawable-notlong-land-mdpi splash screen at D:\Workspaces\Titanium\txde\Resources\android\images\res-notlong-land-mdpi\default.png
[DEBUG] copying D:\Workspaces\Titanium\txde\Resources\android\images\res-notlong-land-mdpi\default.png splash screen to D:\Workspaces\Titanium\txde\build\android\res\drawable-notlong-land-mdpi\background.png
[DEBUG] found drawable-notlong-port-hdpi splash screen at D:\Workspaces\Titanium\txde\Resources\android\images\res-notlong-port-hdpi\default.png
[DEBUG] copying D:\Workspaces\Titanium\txde\Resources\android\images\res-notlong-port-hdpi\default.png splash screen to D:\Workspaces\Titanium\txde\build\android\res\drawable-notlong-port-hdpi\background.png
[DEBUG] found drawable-notlong-port-ldpi splash screen at D:\Workspaces\Titanium\txde\Resources\android\images\res-notlong-port-ldpi\default.png
[DEBUG] copying D:\Workspaces\Titanium\txde\Resources\android\images\res-notlong-port-ldpi\default.png splash screen to D:\Workspaces\Titanium\txde\build\android\res\drawable-notlong-port-ldpi\background.png
[DEBUG] found drawable-notlong-port-mdpi splash screen at D:\Workspaces\Titanium\txde\Resources\android\images\res-notlong-port-mdpi\default.png
[DEBUG] copying D:\Workspaces\Titanium\txde\Resources\android\images\res-notlong-port-mdpi\default.png splash screen to D:\Workspaces\Titanium\txde\build\android\res\drawable-notlong-port-mdpi\background.png
[DEBUG] found splash screen at D:\Workspaces\Titanium\txde\build\android\bin\assets\Resources\default.png
[TRACE] Writing out AndroidManifest.xml
[DEBUG] adding D:\Workspaces\Titanium\txde\build\android\gen\com\netsky\txde\ApplicationStylesheet.java to javac build list
[DEBUG] adding D:\Workspaces\Titanium\txde\build\android\gen\com\netsky\txde\R.java to javac build list
[DEBUG] adding D:\Workspaces\Titanium\txde\build\android\gen\com\netsky\txde\TxdeActivity.java to javac build list
[DEBUG] adding D:\Workspaces\Titanium\txde\build\android\gen\com\netsky\txde\TxdeAppInfo.java to javac build list
[DEBUG] adding D:\Workspaces\Titanium\txde\build\android\gen\com\netsky\txde\TxdeApplication.java to javac build list
[DEBUG] Building Java Sources: "D:\\Workspaces\\Titanium\\txde\\build\\android\\gen\\com\\netsky\\txde\\ApplicationStylesheet.java" "D:\\Workspaces\\Titanium\\txde\\build\\android\\gen\\com\\netsky\\txde\\R.java" "D:\\Workspaces\\Titanium\\txde\\build\\android\\gen\\com\\netsky\\txde\\TxdeActivity.java" "D:\\Workspaces\\Titanium\\txde\\build\\android\\gen\\com\\netsky\\txde\\TxdeAppInfo.java" "D:\\Workspaces\\Titanium\\txde\\build\\android\\gen\\com\\netsky\\txde\\TxdeApplication.java"
[INFO] Compiling Android Resources... This could take some time
[DEBUG] Android classes.dex built
[DEBUG] creating unsigned apk: D:\Workspaces\Titanium\txde\build\android\bin\app-unsigned.apk
[DEBUG] from resource zip => assets/Resources/html/about.html
[DEBUG] from resource zip => assets/Resources/images/hdpi/arrow_left.png
[DEBUG] from resource zip => assets/Resources/images/hdpi/de.png
[DEBUG] from resource zip => assets/Resources/images/hdpi/exit.png
[DEBUG] from resource zip => assets/Resources/images/hdpi/headLogo.png
[DEBUG] from resource zip => assets/Resources/images/hdpi/jx.png
[DEBUG] from resource zip => assets/Resources/images/hdpi/reset.png
[DEBUG] from resource zip => assets/Resources/images/hdpi/searchBackground.png
[DEBUG] from resource zip => assets/Resources/images/hdpi/searchTextBackground.png
[DEBUG] from resource zip => assets/Resources/images/hdpi/yb.png
[DEBUG] from resource zip => assets/Resources/images/hdpi/zc.png
[DEBUG] from resource zip => assets/Resources/images/mdpi/de.png
[DEBUG] from resource zip => assets/Resources/images/mdpi/exit.png
[DEBUG] from resource zip => assets/Resources/images/mdpi/headLogo.png
[DEBUG] from resource zip => assets/Resources/images/mdpi/jx.png
[DEBUG] from resource zip => assets/Resources/images/mdpi/main_pre1.png
[DEBUG] from resource zip => assets/Resources/images/mdpi/main_pre2.png
[DEBUG] from resource zip => assets/Resources/images/mdpi/main_pre3.png
[DEBUG] from resource zip => assets/Resources/images/mdpi/main_pre4.png
[DEBUG] from resource zip => assets/Resources/images/mdpi/p0.png
[DEBUG] from resource zip => assets/Resources/images/mdpi/p1.png
[DEBUG] from resource zip => assets/Resources/images/mdpi/p2.png
[DEBUG] from resource zip => assets/Resources/images/mdpi/p3.png
[DEBUG] from resource zip => assets/Resources/images/mdpi/yb.png
[DEBUG] from resource zip => assets/Resources/images/mdpi/zc.png
[DEBUG] from resource zip => assets/Resources/images/ByBook.png
[DEBUG] from resource zip => assets/Resources/images/De.png
[DEBUG] from resource zip => assets/Resources/images/LeftArrow.png
[DEBUG] from resource zip => assets/Resources/images/Machine.png
[DEBUG] from resource zip => assets/Resources/images/Material.png
[DEBUG] from resource zip => assets/Resources/images/Meter.png
[DEBUG] from resource zip => assets/Resources/images/RightArrow.png
[DEBUG] from resource zip => assets/Resources/images/Search.png
[DEBUG] from resource zip => assets/Resources/images/barBackground.png
[DEBUG] from resource zip => assets/Resources/images/main-btn_01.png
[DEBUG] from resource zip => assets/Resources/images/main-btn_02.png
[DEBUG] from resource zip => assets/Resources/images/main.png
[DEBUG] from resource zip => assets/Resources/images/mainMenuItemBack.png
[DEBUG] from resource zip => assets/Resources/images/return-btn_01.png
[DEBUG] from resource zip => assets/Resources/images/return-btn_02.png
[DEBUG] from resource zip => assets/Resources/images/right.png
[DEBUG] from resource zip => assets/Resources/images/searchBackground_01.png
[DEBUG] from resource zip => assets/Resources/images/searchBackground_01_1.png
[DEBUG] from resource zip => assets/Resources/images/searchByBook.png
[DEBUG] from resource zip => assets/Resources/images/searchByNumber.png
[DEBUG] from resource zip => assets/Resources/images/searchTextBackground_03.png
[DEBUG] from resource zip => assets/Resources/images/searchTextBackground_04.png
[DEBUG] from resource zip => assets/Resources/images/searchTextBackground_05.png
[DEBUG] from resource zip => assets/Resources/images/searchTextBackground_06.png
[DEBUG] from resource zip => assets/Resources/images/tableTitleBackground.png
[DEBUG] from resource zip => assets/Resources/service/user.js
[DEBUG] from resource zip => assets/Resources/ui/basic/BasicMenuItem.js
[DEBUG] from resource zip => assets/Resources/ui/basic/BasicTableList.js
[DEBUG] from resource zip => assets/Resources/ui/basic/UI.js
[DEBUG] from resource zip => assets/Resources/ui/window/decx/DeSearch.js
[DEBUG] from resource zip => assets/Resources/ui/window/decx/deDetailTabGroup.js
[DEBUG] from resource zip => assets/Resources/ui/window/decx/deQueryByBook.js
[DEBUG] from resource zip => assets/Resources/ui/window/decx/deResult.js
[DEBUG] from resource zip => assets/Resources/ui/window/DE_Detail.js
[DEBUG] from resource zip => assets/Resources/ui/window/DE_ListWindow.js
[DEBUG] from resource zip => assets/Resources/ui/window/Detail.js
[DEBUG] from resource zip => assets/Resources/ui/window/ListWindow.js
[DEBUG] from resource zip => assets/Resources/ui/window/TabListWindow.js
[DEBUG] from resource zip => assets/Resources/ui/MainView.js
[DEBUG] from resource zip => assets/Resources/ui/main.js
[DEBUG] from resource zip => assets/Resources/TXDE.sqlite
[DEBUG] from resource zip => assets/Resources/app.js
[DEBUG] from resource zip => assets/Resources/appicon.png
[DEBUG] from resource zip => assets/Resources/default.png
[DEBUG] from resource zip => assets/app.json
[DEBUG] from resource zip => assets/index.json
[DEBUG] from resource zip => res/drawable/appicon.png
[DEBUG] from resource zip => res/drawable/background.png
[DEBUG] from resource zip => res/drawable/btn_check_buttonless_on_64.png
[DEBUG] from resource zip => res/drawable/btn_more_64.png
[DEBUG] from resource zip => res/drawable/disclosure_64.png
[DEBUG] from resource zip => res/layout/titanium_tabgroup.xml
[DEBUG] from resource zip => res/layout/titanium_ui_list_header_or_footer.xml
[DEBUG] from resource zip => res/layout/titanium_ui_list_item.xml
[DEBUG] from resource zip => AndroidManifest.xml
[DEBUG] from resource zip => resources.arsc
[DEBUG] from resource zip => res/drawable-long-land-hdpi/background.png
[DEBUG] from resource zip => res/drawable-long-land-ldpi/background.png
[DEBUG] from resource zip => res/drawable-long-port-hdpi/background.png
[DEBUG] from resource zip => res/drawable-long-port-ldpi/background.png
[DEBUG] from resource zip => res/drawable-notlong-land-hdpi/background.png
[DEBUG] from resource zip => res/drawable-notlong-land-ldpi/background.png
[DEBUG] from resource zip => res/drawable-notlong-land-mdpi/background.png
[DEBUG] from resource zip => res/drawable-notlong-port-hdpi/background.png
[DEBUG] from resource zip => res/drawable-notlong-port-ldpi/background.png
[DEBUG] from resource zip => res/drawable-notlong-port-mdpi/background.png
[DEBUG] from JAR D:\Program File\Titanium\mobilesdk\win32\3.1.2.GA\android\modules\titanium-ui.jar => ti/modules/titanium/ui/widget/webview/binding.js
[DEBUG] from JAR D:\Program File\Titanium\mobilesdk\win32\3.1.2.GA\android\modules\titanium-ui.jar => ti/modules/titanium/ui/widget/webview/binding.min.js
[DEBUG] from JAR D:\Program File\Titanium\mobilesdk\win32\3.1.2.GA\android\modules\titanium-ui.jar => ti/modules/titanium/ui/widget/webview/json2.js
[DEBUG] from JAR D:\Program File\Titanium\mobilesdk\win32\3.1.2.GA\android\modules\titanium-ui.jar => ti/modules/titanium/ui/widget/webview/polling.js
[DEBUG] from JAR D:\Program File\Titanium\mobilesdk\win32\3.1.2.GA\android\modules\titanium-ui.jar => ti/modules/titanium/ui/widget/webview/polling.min.js
[DEBUG] from JAR D:\Program File\Titanium\mobilesdk\win32\3.1.2.GA\android\thirdparty.jar => org/apache/Commons-NOTICE.txt
[DEBUG] from JAR D:\Program File\Titanium\mobilesdk\win32\3.1.2.GA\android\thirdparty.jar => org/apache/HttpComponents-NOTICE.txt
[DEBUG] from JAR D:\Program File\Titanium\mobilesdk\win32\3.1.2.GA\android\thirdparty.jar => org/apache/mime4j-NOTICE.txt
[DEBUG] from JAR D:\Program File\Titanium\mobilesdk\win32\3.1.2.GA\android\titanium.jar => org/appcelerator/titanium/build.properties
[DEBUG] from JAR D:\Program File\Titanium\mobilesdk\win32\3.1.2.GA\android\titanium.jar => org/appcelerator/titanium/res/drawable/background.png
[DEBUG] from JAR D:\Program File\Titanium\mobilesdk\win32\3.1.2.GA\android\titanium.jar => org/appcelerator/titanium/res/drawable/btn_check_buttonless_on.png
[DEBUG] from JAR D:\Program File\Titanium\mobilesdk\win32\3.1.2.GA\android\titanium.jar => org/appcelerator/titanium/res/drawable/btn_check_buttonless_on_18.png
[DEBUG] from JAR D:\Program File\Titanium\mobilesdk\win32\3.1.2.GA\android\titanium.jar => org/appcelerator/titanium/res/drawable/btn_check_buttonless_on_48.png
[DEBUG] from JAR D:\Program File\Titanium\mobilesdk\win32\3.1.2.GA\android\titanium.jar => org/appcelerator/titanium/res/drawable/btn_check_buttonless_on_64.png
[DEBUG] from JAR D:\Program File\Titanium\mobilesdk\win32\3.1.2.GA\android\titanium.jar => org/appcelerator/titanium/res/drawable/btn_more.png
[DEBUG] from JAR D:\Program File\Titanium\mobilesdk\win32\3.1.2.GA\android\titanium.jar => org/appcelerator/titanium/res/drawable/btn_more_18.png
[DEBUG] from JAR D:\Program File\Titanium\mobilesdk\win32\3.1.2.GA\android\titanium.jar => org/appcelerator/titanium/res/drawable/btn_more_48.png
[DEBUG] from JAR D:\Program File\Titanium\mobilesdk\win32\3.1.2.GA\android\titanium.jar => org/appcelerator/titanium/res/drawable/btn_more_64.png
[DEBUG] from JAR D:\Program File\Titanium\mobilesdk\win32\3.1.2.GA\android\titanium.jar => org/appcelerator/titanium/res/drawable/btn_picker_normal.9.png
[DEBUG] from JAR D:\Program File\Titanium\mobilesdk\win32\3.1.2.GA\android\titanium.jar => org/appcelerator/titanium/res/drawable/btn_picker_pressed.9.png
[DEBUG] from JAR D:\Program File\Titanium\mobilesdk\win32\3.1.2.GA\android\titanium.jar => org/appcelerator/titanium/res/drawable/btn_picker_selected.9.png
[DEBUG] from JAR D:\Program File\Titanium\mobilesdk\win32\3.1.2.GA\android\titanium.jar => org/appcelerator/titanium/res/drawable/default_icon.png
[DEBUG] from JAR D:\Program File\Titanium\mobilesdk\win32\3.1.2.GA\android\titanium.jar => org/appcelerator/titanium/res/drawable/photoDefault.png
[DEBUG] installing native SDK libs
[DEBUG] Waiting for device to be ready ...
[TRACE] adb devices returned 1 devices/emulators
[DEBUG] Device connected... (waited 0 seconds)
[DEBUG] waited 0.295000 seconds on emulator to get ready
[INFO] Installing application on device
[INFO] Application installed. Launch from drawer on Home Screen
